2024-10-13 22:26:39,284 - INFO - [debug.py:145] - Ventana principal inicializada correctamente. - /home/sabishi/tiktok/text2speech/main.py:27
2024-10-13 22:26:39,285 - INFO - [debug.py:145] - Evento: Aplicación principal, Función: window.show() - /home/sabishi/tiktok/text2speech/app/utils/debug.py:157
2024-10-13 22:26:39,360 - INFO - [debug.py:145] - Aplicación principal iniciada correctamente. - /home/sabishi/tiktok/text2speech/main.py:32
2024-10-13 22:26:40,970 - INFO - [debug.py:145] - Botón INICIAR presionado. - /home/sabishi/tiktok/text2speech/start.py:84
2024-10-13 22:26:40,990 - INFO - [debug.py:145] - Widget de título creado con entrada y traducción. - /home/sabishi/tiktok/text2speech/app/gui.py:276
2024-10-13 22:26:40,991 - INFO - [debug.py:145] - Inicializando la interfaz de usuario para traducción. - /home/sabishi/tiktok/text2speech/app/modules/gui_translate.py:26
2024-10-13 22:26:40,993 - INFO - [debug.py:145] - Campo de entrada de texto creado. - /home/sabishi/tiktok/text2speech/app/modules/gui_translate.py:50
2024-10-13 22:26:40,993 - INFO - [debug.py:145] - Campo de traducción creado. - /home/sabishi/tiktok/text2speech/app/modules/gui_translate.py:57
2024-10-13 22:26:40,995 - INFO - [debug.py:145] - Campo de título creado. - /home/sabishi/tiktok/text2speech/app/modules/gui_translate.py:84
2024-10-13 22:26:40,996 - INFO - [debug.py:145] - Campo de traducción del título creado. - /home/sabishi/tiktok/text2speech/app/modules/gui_translate.py:91
2024-10-13 22:26:40,997 - INFO - [debug.py:145] - Widget de título creado con entrada y traducción. - /home/sabishi/tiktok/text2speech/app/modules/gui_translate.py:111
2024-10-13 22:26:40,998 - INFO - [debug.py:145] - Botón de traducción creado. - /home/sabishi/tiktok/text2speech/app/modules/gui_translate.py:137
2024-10-13 22:26:40,998 - INFO - [debug.py:145] - Controles de traducción inicializados. - /home/sabishi/tiktok/text2speech/app/modules/gui_translate.py:43
2024-10-13 22:26:42,557 - INFO - [debug.py:145] - Inicializando OAuthCredentialsConfig... - /home/sabishi/tiktok/text2speech/app/config/credentials.py:25
2024-10-13 22:26:42,557 - INFO - [debug.py:145] - Evento: check_token_and_auth_event, Ejecutando función: check_token_and_auth - /home/sabishi/tiktok/text2speech/app/utils/debug.py:173
2024-10-13 22:26:42,557 - INFO - [debug.py:145] - Token existente encontrado, cargándolo... - /home/sabishi/tiktok/text2speech/app/config/credentials.py:59
2024-10-13 22:26:42,557 - INFO - [debug.py:145] - Token expirado, renovando... - /home/sabishi/tiktok/text2speech/app/config/credentials.py:67
2024-10-13 22:26:42,814 - INFO - [debug.py:145] - Token renovado exitosamente. - /home/sabishi/tiktok/text2speech/app/config/credentials.py:69
2024-10-13 22:26:42,815 - INFO - [debug.py:145] - Token y Project ID guardados en /home/sabishi/tiktok/text2speech/credentials/token.json - /home/sabishi/tiktok/text2speech/app/config/credentials.py:140
2024-10-13 22:26:42,816 - INFO - [debug.py:145] - Credenciales obtenidas correctamente. - /home/sabishi/tiktok/text2speech/app/modules/gui_audio.py:36
2024-10-13 22:26:42,817 - INFO - [debug.py:145] - Solicitando cliente para el servicio: texttospeech - /home/sabishi/tiktok/text2speech/app/config/credentials.py:162
2024-10-13 22:26:42,856 - INFO - [debug.py:145] - Cliente Text-to-Speech creado exitosamente. - /home/sabishi/tiktok/text2speech/app/config/credentials.py:168
2024-10-13 22:26:42,856 - INFO - [debug.py:145] - Language mappings initialized as empty dictionaries. - /home/sabishi/tiktok/text2speech/app/modules/audio/languages_update.py:27
2024-10-13 22:26:42,858 - INFO - [debug.py:145] - Contenido de los archivos cargado en el widget de entrada de texto. - /home/sabishi/tiktok/text2speech/app/modules/gui_audio.py:126
2024-10-13 22:26:42,859 - INFO - [debug.py:145] - Widgets vinculados a funciones de actualización. - /home/sabishi/tiktok/text2speech/app/modules/audio/languages_update.py:231
